<?xml version="1.0" encoding="utf-8"?><testsuites name="pytest tests"><testsuite name="pytest" errors="0" failures="0" skipped="0" tests="9" time="1.994" timestamp="2026-05-05T23:29:03.883273+00:00" hostname="agent-env-790f56fb-bb93-4141-b1be-143063ff747c"><testcase classname="backend.tests.test_pdf_editor.TestEditorUpload" name="test_upload_pdf" time="0.271" /><testcase classname="backend.tests.test_pdf_editor.TestEditorUpload" name="test_upload_rejects_non_pdf" time="0.142" /><testcase classname="backend.tests.test_pdf_editor.TestEditorPage" name="test_get_page_image" time="0.178" /><testcase classname="backend.tests.test_pdf_editor.TestEditorPage" name="test_get_page_invalid_num" time="0.172" /><testcase classname="backend.tests.test_pdf_editor.TestEditorPage" name="test_get_page_invalid_job" time="0.136" /><testcase classname="backend.tests.test_pdf_editor.TestEditorSave" name="test_save_with_whiteout_and_text" time="0.169" /><testcase classname="backend.tests.test_pdf_editor.TestEditorSave" name="test_save_invalid_job" time="0.175" /><testcase classname="backend.tests.test_pdf_editor.TestEditorDownload" name="test_download_after_save" time="0.407" /><testcase classname="backend.tests.test_pdf_editor.TestEditorDownload" name="test_download_invalid_job" time="0.172" /></testsuite></testsuites>