<?xml version="1.0" encoding="utf-8"?><testsuites name="pytest tests"><testsuite name="pytest" errors="0" failures="0" skipped="0" tests="15" time="2.991" timestamp="2026-05-06T08:07:36.594592+00:00" hostname="agent-env-790f56fb-bb93-4141-b1be-143063ff747c"><testcase classname="backend.tests.test_pdf_editor.TestEditorUpload" name="test_upload_pdf" time="0.297" /><testcase classname="backend.tests.test_pdf_editor.TestEditorUpload" name="test_upload_rejects_non_pdf" time="0.181" /><testcase classname="backend.tests.test_pdf_editor.TestEditorPage" name="test_get_page_image" time="0.150" /><testcase classname="backend.tests.test_pdf_editor.TestEditorPage" name="test_get_page_invalid_num" time="0.108" /><testcase classname="backend.tests.test_pdf_editor.TestEditorPage" name="test_get_page_invalid_job" time="0.164" /><testcase classname="backend.tests.test_pdf_editor.TestEditorSave" name="test_save_with_whiteout_and_text" time="0.169" /><testcase classname="backend.tests.test_pdf_editor.TestEditorSave" name="test_save_invalid_job" time="0.130" /><testcase classname="backend.tests.test_pdf_editor.TestEditorDownload" name="test_download_after_save" time="0.282" /><testcase classname="backend.tests.test_pdf_editor.TestEditorDownload" name="test_download_invalid_job" time="0.123" /><testcase classname="backend.tests.test_pdf_editor.TestEditorTextBlocks" name="test_get_text_blocks" time="0.254" /><testcase classname="backend.tests.test_pdf_editor.TestEditorTextBlocks" name="test_text_blocks_invoice_content" time="0.110" /><testcase classname="backend.tests.test_pdf_editor.TestEditorTextBlocks" name="test_text_blocks_invalid_page" time="0.118" /><testcase classname="backend.tests.test_pdf_editor.TestEditorTextBlocks" name="test_text_blocks_invalid_job" time="0.104" /><testcase classname="backend.tests.test_pdf_editor.TestEditorReplace" name="test_save_with_replace_edit" time="0.449" /><testcase classname="backend.tests.test_pdf_editor.TestEditorReplace" name="test_replace_uses_orig_bbox_when_provided" time="0.167" /></testsuite></testsuites>